2025-02-26 20:44:56,078 - root - INFO - main.py:31 - Démarrage de l'application d'audit financier
2025-02-26 20:44:56,079 - root - INFO - main.py:32 - Mode DEBUG: True
2025-02-26 20:44:56,079 - root - INFO - main.py:35 - Initialisation des ressources...
2025-02-26 20:45:27,075 - root - DEBUG - main.py:61 - Incoming request: GET http://localhost:8000/api/v1/analysis/files
2025-02-26 20:45:27,075 - root - DEBUG - main.py:63 - Headers: {'host': 'localhost:8000', 'connection': 'keep-alive', 'sec-ch-ua-platform': '"Windows"', 'user-agent': 'Mozilla/5.0 (Windows NT 10.0; Win64; x64) AppleWebKit/537.36 (KHTML, like Gecko) Chrome/133.0.0.0 Safari/537.36', 'accept': 'application/json', 'sec-ch-ua': '"Not(A:Brand";v="99", "Google Chrome";v="133", "Chromium";v="133"', 'sec-ch-ua-mobile': '?0', 'origin': 'http://localhost:3001', 'sec-fetch-site': 'same-site', 'sec-fetch-mode': 'cors', 'sec-fetch-dest': 'empty', 'referer': 'http://localhost:3001/', 'accept-encoding': 'gzip, deflate, br, zstd', 'accept-language': 'fr-FR,fr;q=0.9,en-US;q=0.8,en;q=0.7'}
2025-02-26 20:45:27,080 - backend.models.anomaly_detector - INFO - anomaly_detector.py:20 - Initialisation du détecteur d'anomalies
2025-02-26 20:45:27,081 - backend.services.analysis_service - INFO - analysis_service.py:35 - Dossier créé/vérifié : C:\Users\berli\OneDrive\Bureau\audit_tool_clean\audit_tool\backend\data\files
2025-02-26 20:45:27,081 - backend.services.analysis_service - INFO - analysis_service.py:35 - Dossier créé/vérifié : C:\Users\berli\OneDrive\Bureau\audit_tool_clean\audit_tool\backend\data\jobs
2025-02-26 20:45:27,082 - backend.services.analysis_service - INFO - analysis_service.py:35 - Dossier créé/vérifié : C:\Users\berli\OneDrive\Bureau\audit_tool_clean\audit_tool\backend\data\results
2025-02-26 20:45:27,083 - root - DEBUG - main.py:67 - Response status: 200
2025-02-26 20:45:27,084 - root - DEBUG - main.py:69 - Response headers: {'content-length': '688', 'content-type': 'application/json', 'access-control-allow-origin': '*', 'access-control-expose-headers': '*'}
2025-02-26 20:45:27,087 - root - DEBUG - main.py:61 - Incoming request: GET http://localhost:8000/api/v1/analysis/files
2025-02-26 20:45:27,087 - root - DEBUG - main.py:63 - Headers: {'host': 'localhost:8000', 'connection': 'keep-alive', 'sec-ch-ua-platform': '"Windows"', 'user-agent': 'Mozilla/5.0 (Windows NT 10.0; Win64; x64) AppleWebKit/537.36 (KHTML, like Gecko) Chrome/133.0.0.0 Safari/537.36', 'accept': 'application/json', 'sec-ch-ua': '"Not(A:Brand";v="99", "Google Chrome";v="133", "Chromium";v="133"', 'sec-ch-ua-mobile': '?0', 'origin': 'http://localhost:3001', 'sec-fetch-site': 'same-site', 'sec-fetch-mode': 'cors', 'sec-fetch-dest': 'empty', 'referer': 'http://localhost:3001/', 'accept-encoding': 'gzip, deflate, br, zstd', 'accept-language': 'fr-FR,fr;q=0.9,en-US;q=0.8,en;q=0.7'}
2025-02-26 20:45:27,090 - root - DEBUG - main.py:67 - Response status: 200
2025-02-26 20:45:27,090 - root - DEBUG - main.py:69 - Response headers: {'content-length': '688', 'content-type': 'application/json', 'access-control-allow-origin': '*', 'access-control-expose-headers': '*'}
2025-02-26 20:46:39,936 - root - DEBUG - main.py:61 - Incoming request: POST http://localhost:8000/api/v1/analysis/upload
2025-02-26 20:46:39,936 - root - DEBUG - main.py:63 - Headers: {'host': 'localhost:8000', 'connection': 'keep-alive', 'content-length': '10209817', 'sec-ch-ua-platform': '"Windows"', 'user-agent': 'Mozilla/5.0 (Windows NT 10.0; Win64; x64) AppleWebKit/537.36 (KHTML, like Gecko) Chrome/133.0.0.0 Safari/537.36', 'accept': 'application/json, text/plain, */*', 'sec-ch-ua': '"Not(A:Brand";v="99", "Google Chrome";v="133", "Chromium";v="133"', 'content-type': 'multipart/form-data; boundary=----WebKitFormBoundary0wW2IKlfAilTYmyn', 'sec-ch-ua-mobile': '?0', 'origin': 'http://localhost:3001', 'sec-fetch-site': 'same-site', 'sec-fetch-mode': 'cors', 'sec-fetch-dest': 'empty', 'referer': 'http://localhost:3001/', 'accept-encoding': 'gzip, deflate, br, zstd', 'accept-language': 'fr-FR,fr;q=0.9,en-US;q=0.8,en;q=0.7'}
2025-02-26 20:46:39,939 - python_multipart.multipart - DEBUG - multipart.py:628 - Calling on_part_begin with no data
2025-02-26 20:46:39,939 - python_multipart.multipart - DEBUG - multipart.py:625 - Calling on_header_field with data[42:61]
2025-02-26 20:46:39,940 - python_multipart.multipart - DEBUG - multipart.py:625 - Calling on_header_value with data[63:124]
2025-02-26 20:46:39,940 - python_multipart.multipart - DEBUG - multipart.py:628 - Calling on_header_end with no data
2025-02-26 20:46:39,940 - python_multipart.multipart - DEBUG - multipart.py:625 - Calling on_header_field with data[126:138]
2025-02-26 20:46:39,941 - python_multipart.multipart - DEBUG - multipart.py:625 - Calling on_header_value with data[140:205]
2025-02-26 20:46:39,941 - python_multipart.multipart - DEBUG - multipart.py:628 - Calling on_header_end with no data
2025-02-26 20:46:39,942 - python_multipart.multipart - DEBUG - multipart.py:628 - Calling on_headers_finished with no data
2025-02-26 20:46:39,942 - python_multipart.multipart - DEBUG - multipart.py:625 - Calling on_part_data with data[209:196608]
2025-02-26 20:46:39,944 - python_multipart.multipart - DEBUG - multipart.py:625 - Calling on_part_data with data[0:262144]
2025-02-26 20:46:39,946 - python_multipart.multipart - DEBUG - multipart.py:625 - Calling on_part_data with data[0:262144]
2025-02-26 20:46:39,947 - python_multipart.multipart - DEBUG - multipart.py:625 - Calling on_part_data with data[0:262144]
2025-02-26 20:46:39,949 - python_multipart.multipart - DEBUG - multipart.py:625 - Calling on_part_data with data[0:262144]
2025-02-26 20:46:39,955 - python_multipart.multipart - DEBUG - multipart.py:625 - Calling on_part_data with data[0:262144]
2025-02-26 20:46:39,957 - python_multipart.multipart - DEBUG - multipart.py:625 - Calling on_part_data with data[0:262144]
2025-02-26 20:46:39,960 - python_multipart.multipart - DEBUG - multipart.py:625 - Calling on_part_data with data[0:262144]
2025-02-26 20:46:39,962 - python_multipart.multipart - DEBUG - multipart.py:625 - Calling on_part_data with data[0:262144]
2025-02-26 20:46:39,965 - python_multipart.multipart - DEBUG - multipart.py:625 - Calling on_part_data with data[0:262144]
2025-02-26 20:46:39,967 - python_multipart.multipart - DEBUG - multipart.py:625 - Calling on_part_data with data[0:262144]
2025-02-26 20:46:39,970 - python_multipart.multipart - DEBUG - multipart.py:625 - Calling on_part_data with data[0:262144]
2025-02-26 20:46:39,972 - python_multipart.multipart - DEBUG - multipart.py:625 - Calling on_part_data with data[0:262144]
2025-02-26 20:46:39,974 - python_multipart.multipart - DEBUG - multipart.py:625 - Calling on_part_data with data[0:262144]
2025-02-26 20:46:39,976 - python_multipart.multipart - DEBUG - multipart.py:625 - Calling on_part_data with data[0:262144]
2025-02-26 20:46:39,978 - python_multipart.multipart - DEBUG - multipart.py:625 - Calling on_part_data with data[0:262144]
2025-02-26 20:46:39,980 - python_multipart.multipart - DEBUG - multipart.py:625 - Calling on_part_data with data[0:262144]
2025-02-26 20:46:39,982 - python_multipart.multipart - DEBUG - multipart.py:625 - Calling on_part_data with data[0:262144]
2025-02-26 20:46:39,984 - python_multipart.multipart - DEBUG - multipart.py:625 - Calling on_part_data with data[0:262144]
2025-02-26 20:46:39,986 - python_multipart.multipart - DEBUG - multipart.py:625 - Calling on_part_data with data[0:262144]
2025-02-26 20:46:39,988 - python_multipart.multipart - DEBUG - multipart.py:625 - Calling on_part_data with data[0:262144]
2025-02-26 20:46:39,991 - python_multipart.multipart - DEBUG - multipart.py:625 - Calling on_part_data with data[0:262144]
2025-02-26 20:46:39,993 - python_multipart.multipart - DEBUG - multipart.py:625 - Calling on_part_data with data[0:262144]
2025-02-26 20:46:39,995 - python_multipart.multipart - DEBUG - multipart.py:625 - Calling on_part_data with data[0:262144]
2025-02-26 20:46:39,996 - python_multipart.multipart - DEBUG - multipart.py:625 - Calling on_part_data with data[0:262144]
2025-02-26 20:46:39,998 - python_multipart.multipart - DEBUG - multipart.py:625 - Calling on_part_data with data[0:262144]
2025-02-26 20:46:40,001 - python_multipart.multipart - DEBUG - multipart.py:625 - Calling on_part_data with data[0:262144]
2025-02-26 20:46:40,003 - python_multipart.multipart - DEBUG - multipart.py:625 - Calling on_part_data with data[0:262144]
2025-02-26 20:46:40,005 - python_multipart.multipart - DEBUG - multipart.py:625 - Calling on_part_data with data[0:262144]
2025-02-26 20:46:40,007 - python_multipart.multipart - DEBUG - multipart.py:625 - Calling on_part_data with data[0:262144]
2025-02-26 20:46:40,009 - python_multipart.multipart - DEBUG - multipart.py:625 - Calling on_part_data with data[0:262144]
2025-02-26 20:46:40,011 - python_multipart.multipart - DEBUG - multipart.py:625 - Calling on_part_data with data[0:262144]
2025-02-26 20:46:40,013 - python_multipart.multipart - DEBUG - multipart.py:625 - Calling on_part_data with data[0:262144]
2025-02-26 20:46:40,014 - python_multipart.multipart - DEBUG - multipart.py:625 - Calling on_part_data with data[0:262144]
2025-02-26 20:46:40,016 - python_multipart.multipart - DEBUG - multipart.py:625 - Calling on_part_data with data[0:262144]
2025-02-26 20:46:40,019 - python_multipart.multipart - DEBUG - multipart.py:625 - Calling on_part_data with data[0:262144]
2025-02-26 20:46:40,021 - python_multipart.multipart - DEBUG - multipart.py:625 - Calling on_part_data with data[0:262144]
2025-02-26 20:46:40,023 - python_multipart.multipart - DEBUG - multipart.py:625 - Calling on_part_data with data[0:262144]
2025-02-26 20:46:40,025 - python_multipart.multipart - DEBUG - multipart.py:625 - Calling on_part_data with data[0:262144]
2025-02-26 20:46:40,026 - python_multipart.multipart - DEBUG - multipart.py:625 - Calling on_part_data with data[0:51691]
2025-02-26 20:46:40,026 - python_multipart.multipart - DEBUG - multipart.py:628 - Calling on_part_end with no data
2025-02-26 20:46:40,027 - python_multipart.multipart - DEBUG - multipart.py:628 - Calling on_end with no data
2025-02-26 20:46:40,054 - backend.utils.file_handling - INFO - file_handling.py:105 - Fichier sauvegardé: C:\Users\berli\OneDrive\Bureau\audit_tool_clean\audit_tool\backend\data\uploads\8f38b238-c14a-4f55-86f6-2865988aa6d2_FEC ULMA Retraité 23.xlsx
2025-02-26 20:46:40,056 - backend.api.endpoints.analysis - INFO - analysis.py:68 - Fichier FEC ULMA Retraité 23.xlsx uploadé avec succès, ID: 8f38b238-c14a-4f55-86f6-2865988aa6d2, taille: 10209562 octets
2025-02-26 20:46:40,059 - root - DEBUG - main.py:67 - Response status: 200
2025-02-26 20:46:40,059 - root - DEBUG - main.py:69 - Response headers: {'content-length': '305', 'content-type': 'application/json', 'access-control-allow-origin': '*', 'access-control-expose-headers': '*'}
2025-02-26 20:46:49,933 - root - DEBUG - main.py:61 - Incoming request: GET http://localhost:8000/api/v1/analysis/files
2025-02-26 20:46:49,934 - root - DEBUG - main.py:63 - Headers: {'host': 'localhost:8000', 'connection': 'keep-alive', 'sec-ch-ua-platform': '"Windows"', 'user-agent': 'Mozilla/5.0 (Windows NT 10.0; Win64; x64) AppleWebKit/537.36 (KHTML, like Gecko) Chrome/133.0.0.0 Safari/537.36', 'accept': 'application/json', 'sec-ch-ua': '"Not(A:Brand";v="99", "Google Chrome";v="133", "Chromium";v="133"', 'sec-ch-ua-mobile': '?0', 'origin': 'http://localhost:3001', 'sec-fetch-site': 'same-site', 'sec-fetch-mode': 'cors', 'sec-fetch-dest': 'empty', 'referer': 'http://localhost:3001/', 'accept-encoding': 'gzip, deflate, br, zstd', 'accept-language': 'fr-FR,fr;q=0.9,en-US;q=0.8,en;q=0.7'}
2025-02-26 20:46:49,952 - root - DEBUG - main.py:67 - Response status: 200
2025-02-26 20:46:49,953 - root - DEBUG - main.py:69 - Response headers: {'content-length': '917', 'content-type': 'application/json', 'access-control-allow-origin': '*', 'access-control-expose-headers': '*'}
2025-02-26 20:46:49,955 - root - DEBUG - main.py:61 - Incoming request: GET http://localhost:8000/api/v1/analysis/files
2025-02-26 20:46:49,956 - root - DEBUG - main.py:63 - Headers: {'host': 'localhost:8000', 'connection': 'keep-alive', 'sec-ch-ua-platform': '"Windows"', 'user-agent': 'Mozilla/5.0 (Windows NT 10.0; Win64; x64) AppleWebKit/537.36 (KHTML, like Gecko) Chrome/133.0.0.0 Safari/537.36', 'accept': 'application/json', 'sec-ch-ua': '"Not(A:Brand";v="99", "Google Chrome";v="133", "Chromium";v="133"', 'sec-ch-ua-mobile': '?0', 'origin': 'http://localhost:3001', 'sec-fetch-site': 'same-site', 'sec-fetch-mode': 'cors', 'sec-fetch-dest': 'empty', 'referer': 'http://localhost:3001/', 'accept-encoding': 'gzip, deflate, br, zstd', 'accept-language': 'fr-FR,fr;q=0.9,en-US;q=0.8,en;q=0.7'}
2025-02-26 20:46:49,959 - root - DEBUG - main.py:67 - Response status: 200
2025-02-26 20:46:49,959 - root - DEBUG - main.py:69 - Response headers: {'content-length': '917', 'content-type': 'application/json', 'access-control-allow-origin': '*', 'access-control-expose-headers': '*'}
2025-02-26 20:46:49,962 - root - DEBUG - main.py:61 - Incoming request: GET http://localhost:8000/api/v1/analysis/results/8f38b238-c14a-4f55-86f6-2865988aa6d2
2025-02-26 20:46:49,962 - root - DEBUG - main.py:63 - Headers: {'host': 'localhost:8000', 'connection': 'keep-alive', 'sec-ch-ua-platform': '"Windows"', 'user-agent': 'Mozilla/5.0 (Windows NT 10.0; Win64; x64) AppleWebKit/537.36 (KHTML, like Gecko) Chrome/133.0.0.0 Safari/537.36', 'accept': 'application/json', 'sec-ch-ua': '"Not(A:Brand";v="99", "Google Chrome";v="133", "Chromium";v="133"', 'sec-ch-ua-mobile': '?0', 'origin': 'http://localhost:3001', 'sec-fetch-site': 'same-site', 'sec-fetch-mode': 'cors', 'sec-fetch-dest': 'empty', 'referer': 'http://localhost:3001/', 'accept-encoding': 'gzip, deflate, br, zstd', 'accept-language': 'fr-FR,fr;q=0.9,en-US;q=0.8,en;q=0.7'}
2025-02-26 20:46:49,963 - backend.services.analysis_service - INFO - analysis_service.py:292 - Tentative de récupération des résultats pour 8f38b238-c14a-4f55-86f6-2865988aa6d2 depuis C:\Users\berli\OneDrive\Bureau\audit_tool_clean\audit_tool\backend\data\results\8f38b238-c14a-4f55-86f6-2865988aa6d2.json
2025-02-26 20:46:49,964 - backend.services.analysis_service - WARNING - analysis_service.py:296 - Résultats non trouvés pour 8f38b238-c14a-4f55-86f6-2865988aa6d2, génération de résultats fictifs
2025-02-26 20:46:49,976 - backend.services.analysis_service - INFO - analysis_service.py:314 - Résultats fictifs générés pour 8f38b238-c14a-4f55-86f6-2865988aa6d2
2025-02-26 20:46:49,978 - root - DEBUG - main.py:67 - Response status: 200
2025-02-26 20:46:49,978 - root - DEBUG - main.py:69 - Response headers: {'content-length': '1984', 'content-type': 'application/json', 'access-control-allow-origin': '*', 'access-control-expose-headers': '*'}
2025-02-26 20:46:49,981 - root - DEBUG - main.py:61 - Incoming request: GET http://localhost:8000/api/v1/analysis/results/8f38b238-c14a-4f55-86f6-2865988aa6d2
2025-02-26 20:46:49,982 - root - DEBUG - main.py:63 - Headers: {'host': 'localhost:8000', 'connection': 'keep-alive', 'sec-ch-ua-platform': '"Windows"', 'user-agent': 'Mozilla/5.0 (Windows NT 10.0; Win64; x64) AppleWebKit/537.36 (KHTML, like Gecko) Chrome/133.0.0.0 Safari/537.36', 'accept': 'application/json', 'sec-ch-ua': '"Not(A:Brand";v="99", "Google Chrome";v="133", "Chromium";v="133"', 'sec-ch-ua-mobile': '?0', 'origin': 'http://localhost:3001', 'sec-fetch-site': 'same-site', 'sec-fetch-mode': 'cors', 'sec-fetch-dest': 'empty', 'referer': 'http://localhost:3001/', 'accept-encoding': 'gzip, deflate, br, zstd', 'accept-language': 'fr-FR,fr;q=0.9,en-US;q=0.8,en;q=0.7'}
2025-02-26 20:46:49,983 - backend.services.analysis_service - INFO - analysis_service.py:292 - Tentative de récupération des résultats pour 8f38b238-c14a-4f55-86f6-2865988aa6d2 depuis C:\Users\berli\OneDrive\Bureau\audit_tool_clean\audit_tool\backend\data\results\8f38b238-c14a-4f55-86f6-2865988aa6d2.json
2025-02-26 20:46:50,000 - root - DEBUG - main.py:67 - Response status: 200
2025-02-26 20:46:50,001 - root - DEBUG - main.py:69 - Response headers: {'content-length': '1984', 'content-type': 'application/json', 'access-control-allow-origin': '*', 'access-control-expose-headers': '*'}
2025-02-26 20:47:06,248 - root - DEBUG - main.py:61 - Incoming request: GET http://localhost:8000/api/v1/analysis/files
2025-02-26 20:47:06,248 - root - DEBUG - main.py:63 - Headers: {'host': 'localhost:8000', 'connection': 'keep-alive', 'sec-ch-ua-platform': '"Windows"', 'user-agent': 'Mozilla/5.0 (Windows NT 10.0; Win64; x64) AppleWebKit/537.36 (KHTML, like Gecko) Chrome/133.0.0.0 Safari/537.36', 'accept': 'application/json', 'sec-ch-ua': '"Not(A:Brand";v="99", "Google Chrome";v="133", "Chromium";v="133"', 'sec-ch-ua-mobile': '?0', 'origin': 'http://localhost:3001', 'sec-fetch-site': 'same-site', 'sec-fetch-mode': 'cors', 'sec-fetch-dest': 'empty', 'referer': 'http://localhost:3001/', 'accept-encoding': 'gzip, deflate, br, zstd', 'accept-language': 'fr-FR,fr;q=0.9,en-US;q=0.8,en;q=0.7'}
2025-02-26 20:47:06,252 - root - DEBUG - main.py:67 - Response status: 200
2025-02-26 20:47:06,252 - root - DEBUG - main.py:69 - Response headers: {'content-length': '917', 'content-type': 'application/json', 'access-control-allow-origin': '*', 'access-control-expose-headers': '*'}
2025-02-26 20:47:06,255 - root - DEBUG - main.py:61 - Incoming request: GET http://localhost:8000/api/v1/analysis/files
2025-02-26 20:47:06,256 - root - DEBUG - main.py:63 - Headers: {'host': 'localhost:8000', 'connection': 'keep-alive', 'sec-ch-ua-platform': '"Windows"', 'user-agent': 'Mozilla/5.0 (Windows NT 10.0; Win64; x64) AppleWebKit/537.36 (KHTML, like Gecko) Chrome/133.0.0.0 Safari/537.36', 'accept': 'application/json', 'sec-ch-ua': '"Not(A:Brand";v="99", "Google Chrome";v="133", "Chromium";v="133"', 'sec-ch-ua-mobile': '?0', 'origin': 'http://localhost:3001', 'sec-fetch-site': 'same-site', 'sec-fetch-mode': 'cors', 'sec-fetch-dest': 'empty', 'referer': 'http://localhost:3001/', 'accept-encoding': 'gzip, deflate, br, zstd', 'accept-language': 'fr-FR,fr;q=0.9,en-US;q=0.8,en;q=0.7'}
2025-02-26 20:47:06,259 - root - DEBUG - main.py:67 - Response status: 200
2025-02-26 20:47:06,259 - root - DEBUG - main.py:69 - Response headers: {'content-length': '917', 'content-type': 'application/json', 'access-control-allow-origin': '*', 'access-control-expose-headers': '*'}
2025-02-26 20:47:07,666 - root - DEBUG - main.py:61 - Incoming request: GET http://localhost:8000/api/v1/analysis/files
2025-02-26 20:47:07,666 - root - DEBUG - main.py:63 - Headers: {'host': 'localhost:8000', 'connection': 'keep-alive', 'sec-ch-ua-platform': '"Windows"', 'user-agent': 'Mozilla/5.0 (Windows NT 10.0; Win64; x64) AppleWebKit/537.36 (KHTML, like Gecko) Chrome/133.0.0.0 Safari/537.36', 'accept': 'application/json', 'sec-ch-ua': '"Not(A:Brand";v="99", "Google Chrome";v="133", "Chromium";v="133"', 'sec-ch-ua-mobile': '?0', 'origin': 'http://localhost:3001', 'sec-fetch-site': 'same-site', 'sec-fetch-mode': 'cors', 'sec-fetch-dest': 'empty', 'referer': 'http://localhost:3001/', 'accept-encoding': 'gzip, deflate, br, zstd', 'accept-language': 'fr-FR,fr;q=0.9,en-US;q=0.8,en;q=0.7'}
2025-02-26 20:47:07,669 - root - DEBUG - main.py:67 - Response status: 200
2025-02-26 20:47:07,669 - root - DEBUG - main.py:69 - Response headers: {'content-length': '917', 'content-type': 'application/json', 'access-control-allow-origin': '*', 'access-control-expose-headers': '*'}
2025-02-26 20:47:07,671 - root - DEBUG - main.py:61 - Incoming request: GET http://localhost:8000/api/v1/analysis/files
2025-02-26 20:47:07,671 - root - DEBUG - main.py:63 - Headers: {'host': 'localhost:8000', 'connection': 'keep-alive', 'sec-ch-ua-platform': '"Windows"', 'user-agent': 'Mozilla/5.0 (Windows NT 10.0; Win64; x64) AppleWebKit/537.36 (KHTML, like Gecko) Chrome/133.0.0.0 Safari/537.36', 'accept': 'application/json', 'sec-ch-ua': '"Not(A:Brand";v="99", "Google Chrome";v="133", "Chromium";v="133"', 'sec-ch-ua-mobile': '?0', 'origin': 'http://localhost:3001', 'sec-fetch-site': 'same-site', 'sec-fetch-mode': 'cors', 'sec-fetch-dest': 'empty', 'referer': 'http://localhost:3001/', 'accept-encoding': 'gzip, deflate, br, zstd', 'accept-language': 'fr-FR,fr;q=0.9,en-US;q=0.8,en;q=0.7'}
2025-02-26 20:47:07,673 - root - DEBUG - main.py:67 - Response status: 200
2025-02-26 20:47:07,674 - root - DEBUG - main.py:69 - Response headers: {'content-length': '917', 'content-type': 'application/json', 'access-control-allow-origin': '*', 'access-control-expose-headers': '*'}
2025-02-26 20:47:07,675 - root - DEBUG - main.py:61 - Incoming request: GET http://localhost:8000/api/v1/analysis/results/8f38b238-c14a-4f55-86f6-2865988aa6d2
2025-02-26 20:47:07,676 - root - DEBUG - main.py:63 - Headers: {'host': 'localhost:8000', 'connection': 'keep-alive', 'sec-ch-ua-platform': '"Windows"', 'user-agent': 'Mozilla/5.0 (Windows NT 10.0; Win64; x64) AppleWebKit/537.36 (KHTML, like Gecko) Chrome/133.0.0.0 Safari/537.36', 'accept': 'application/json', 'sec-ch-ua': '"Not(A:Brand";v="99", "Google Chrome";v="133", "Chromium";v="133"', 'sec-ch-ua-mobile': '?0', 'origin': 'http://localhost:3001', 'sec-fetch-site': 'same-site', 'sec-fetch-mode': 'cors', 'sec-fetch-dest': 'empty', 'referer': 'http://localhost:3001/', 'accept-encoding': 'gzip, deflate, br, zstd', 'accept-language': 'fr-FR,fr;q=0.9,en-US;q=0.8,en;q=0.7'}
2025-02-26 20:47:07,677 - backend.services.analysis_service - INFO - analysis_service.py:292 - Tentative de récupération des résultats pour 8f38b238-c14a-4f55-86f6-2865988aa6d2 depuis C:\Users\berli\OneDrive\Bureau\audit_tool_clean\audit_tool\backend\data\results\8f38b238-c14a-4f55-86f6-2865988aa6d2.json
2025-02-26 20:47:07,677 - root - DEBUG - main.py:67 - Response status: 200
2025-02-26 20:47:07,678 - root - DEBUG - main.py:69 - Response headers: {'content-length': '1984', 'content-type': 'application/json', 'access-control-allow-origin': '*', 'access-control-expose-headers': '*'}
2025-02-26 20:47:07,679 - root - DEBUG - main.py:61 - Incoming request: GET http://localhost:8000/api/v1/analysis/results/8f38b238-c14a-4f55-86f6-2865988aa6d2
2025-02-26 20:47:07,679 - root - DEBUG - main.py:63 - Headers: {'host': 'localhost:8000', 'connection': 'keep-alive', 'sec-ch-ua-platform': '"Windows"', 'user-agent': 'Mozilla/5.0 (Windows NT 10.0; Win64; x64) AppleWebKit/537.36 (KHTML, like Gecko) Chrome/133.0.0.0 Safari/537.36', 'accept': 'application/json', 'sec-ch-ua': '"Not(A:Brand";v="99", "Google Chrome";v="133", "Chromium";v="133"', 'sec-ch-ua-mobile': '?0', 'origin': 'http://localhost:3001', 'sec-fetch-site': 'same-site', 'sec-fetch-mode': 'cors', 'sec-fetch-dest': 'empty', 'referer': 'http://localhost:3001/', 'accept-encoding': 'gzip, deflate, br, zstd', 'accept-language': 'fr-FR,fr;q=0.9,en-US;q=0.8,en;q=0.7'}
2025-02-26 20:47:07,680 - backend.services.analysis_service - INFO - analysis_service.py:292 - Tentative de récupération des résultats pour 8f38b238-c14a-4f55-86f6-2865988aa6d2 depuis C:\Users\berli\OneDrive\Bureau\audit_tool_clean\audit_tool\backend\data\results\8f38b238-c14a-4f55-86f6-2865988aa6d2.json
2025-02-26 20:47:07,681 - root - DEBUG - main.py:67 - Response status: 200
2025-02-26 20:47:07,681 - root - DEBUG - main.py:69 - Response headers: {'content-length': '1984', 'content-type': 'application/json', 'access-control-allow-origin': '*', 'access-control-expose-headers': '*'}
2025-02-26 20:47:28,643 - root - DEBUG - main.py:61 - Incoming request: GET http://localhost:8000/api/v1/analysis/files
2025-02-26 20:47:28,643 - root - DEBUG - main.py:63 - Headers: {'host': 'localhost:8000', 'connection': 'keep-alive', 'sec-ch-ua-platform': '"Windows"', 'user-agent': 'Mozilla/5.0 (Windows NT 10.0; Win64; x64) AppleWebKit/537.36 (KHTML, like Gecko) Chrome/133.0.0.0 Safari/537.36', 'accept': 'application/json', 'sec-ch-ua': '"Not(A:Brand";v="99", "Google Chrome";v="133", "Chromium";v="133"', 'sec-ch-ua-mobile': '?0', 'origin': 'http://localhost:3001', 'sec-fetch-site': 'same-site', 'sec-fetch-mode': 'cors', 'sec-fetch-dest': 'empty', 'referer': 'http://localhost:3001/', 'accept-encoding': 'gzip, deflate, br, zstd', 'accept-language': 'fr-FR,fr;q=0.9,en-US;q=0.8,en;q=0.7'}
2025-02-26 20:47:28,646 - root - DEBUG - main.py:67 - Response status: 200
2025-02-26 20:47:28,646 - root - DEBUG - main.py:69 - Response headers: {'content-length': '917', 'content-type': 'application/json', 'access-control-allow-origin': '*', 'access-control-expose-headers': '*'}
2025-02-26 20:47:28,650 - root - DEBUG - main.py:61 - Incoming request: GET http://localhost:8000/api/v1/analysis/files
2025-02-26 20:47:28,650 - root - DEBUG - main.py:63 - Headers: {'host': 'localhost:8000', 'connection': 'keep-alive', 'sec-ch-ua-platform': '"Windows"', 'user-agent': 'Mozilla/5.0 (Windows NT 10.0; Win64; x64) AppleWebKit/537.36 (KHTML, like Gecko) Chrome/133.0.0.0 Safari/537.36', 'accept': 'application/json', 'sec-ch-ua': '"Not(A:Brand";v="99", "Google Chrome";v="133", "Chromium";v="133"', 'sec-ch-ua-mobile': '?0', 'origin': 'http://localhost:3001', 'sec-fetch-site': 'same-site', 'sec-fetch-mode': 'cors', 'sec-fetch-dest': 'empty', 'referer': 'http://localhost:3001/', 'accept-encoding': 'gzip, deflate, br, zstd', 'accept-language': 'fr-FR,fr;q=0.9,en-US;q=0.8,en;q=0.7'}
2025-02-26 20:47:28,653 - root - DEBUG - main.py:67 - Response status: 200
2025-02-26 20:47:28,653 - root - DEBUG - main.py:69 - Response headers: {'content-length': '917', 'content-type': 'application/json', 'access-control-allow-origin': '*', 'access-control-expose-headers': '*'}
2025-02-26 20:50:02,006 - root - DEBUG - main.py:61 - Incoming request: GET http://localhost:8000/api/v1/analysis/files
2025-02-26 20:50:02,007 - root - DEBUG - main.py:63 - Headers: {'host': 'localhost:8000', 'connection': 'keep-alive', 'sec-ch-ua-platform': '"Windows"', 'user-agent': 'Mozilla/5.0 (Windows NT 10.0; Win64; x64) AppleWebKit/537.36 (KHTML, like Gecko) Chrome/133.0.0.0 Safari/537.36', 'accept': 'application/json', 'sec-ch-ua': '"Not(A:Brand";v="99", "Google Chrome";v="133", "Chromium";v="133"', 'sec-ch-ua-mobile': '?0', 'origin': 'http://localhost:3001', 'sec-fetch-site': 'same-site', 'sec-fetch-mode': 'cors', 'sec-fetch-dest': 'empty', 'referer': 'http://localhost:3001/', 'accept-encoding': 'gzip, deflate, br, zstd', 'accept-language': 'fr-FR,fr;q=0.9,en-US;q=0.8,en;q=0.7'}
2025-02-26 20:50:02,010 - root - DEBUG - main.py:67 - Response status: 200
2025-02-26 20:50:02,010 - root - DEBUG - main.py:69 - Response headers: {'content-length': '917', 'content-type': 'application/json', 'access-control-allow-origin': '*', 'access-control-expose-headers': '*'}
2025-02-26 20:50:02,124 - root - INFO - main.py:38 - Fermeture de l'application, nettoyage des ressources...
