2025-02-26 20:50:03,798 - root - INFO - main.py:31 - Démarrage de l'application d'audit financier
2025-02-26 20:50:03,799 - root - INFO - main.py:32 - Mode DEBUG: True
2025-02-26 20:50:03,799 - root - INFO - main.py:35 - Initialisation des ressources...
2025-02-26 20:50:03,990 - root - DEBUG - main.py:61 - Incoming request: GET http://localhost:8000/api/v1/analysis/files
2025-02-26 20:50:03,990 - root - DEBUG - main.py:63 - Headers: {'host': 'localhost:8000', 'connection': 'keep-alive', 'sec-ch-ua-platform': '"Windows"', 'user-agent': 'Mozilla/5.0 (Windows NT 10.0; Win64; x64) AppleWebKit/537.36 (KHTML, like Gecko) Chrome/133.0.0.0 Safari/537.36', 'accept': 'application/json', 'sec-ch-ua': '"Not(A:Brand";v="99", "Google Chrome";v="133", "Chromium";v="133"', 'sec-ch-ua-mobile': '?0', 'origin': 'http://localhost:3001', 'sec-fetch-site': 'same-site', 'sec-fetch-mode': 'cors', 'sec-fetch-dest': 'empty', 'referer': 'http://localhost:3001/', 'accept-encoding': 'gzip, deflate, br, zstd', 'accept-language': 'fr-FR,fr;q=0.9,en-US;q=0.8,en;q=0.7'}
2025-02-26 20:50:03,994 - backend.models.trained_detector - INFO - trained_detector.py:23 - Initialisation du détecteur d'anomalies basé sur modèle entraîné
2025-02-26 20:50:03,995 - backend.models.anomaly_detector - INFO - anomaly_detector.py:23 - AnomalyDetector initialisé
2025-02-26 20:50:03,996 - backend.services.analysis_service - INFO - analysis_service.py:35 - Dossier créé/vérifié : C:\Users\berli\OneDrive\Bureau\audit_tool_clean\audit_tool\backend\data\files
2025-02-26 20:50:03,996 - backend.services.analysis_service - INFO - analysis_service.py:35 - Dossier créé/vérifié : C:\Users\berli\OneDrive\Bureau\audit_tool_clean\audit_tool\backend\data\jobs
2025-02-26 20:50:03,997 - backend.services.analysis_service - INFO - analysis_service.py:35 - Dossier créé/vérifié : C:\Users\berli\OneDrive\Bureau\audit_tool_clean\audit_tool\backend\data\results
2025-02-26 20:50:03,998 - root - DEBUG - main.py:67 - Response status: 200
2025-02-26 20:50:03,999 - root - DEBUG - main.py:69 - Response headers: {'content-length': '917', 'content-type': 'application/json', 'access-control-allow-origin': '*', 'access-control-expose-headers': '*'}
2025-02-26 20:50:17,522 - root - DEBUG - main.py:61 - Incoming request: GET http://localhost:8000/api/v1/analysis/files
2025-02-26 20:50:17,523 - root - DEBUG - main.py:63 - Headers: {'host': 'localhost:8000', 'connection': 'keep-alive', 'sec-ch-ua-platform': '"Windows"', 'user-agent': 'Mozilla/5.0 (Windows NT 10.0; Win64; x64) AppleWebKit/537.36 (KHTML, like Gecko) Chrome/133.0.0.0 Safari/537.36', 'accept': 'application/json', 'sec-ch-ua': '"Not(A:Brand";v="99", "Google Chrome";v="133", "Chromium";v="133"', 'sec-ch-ua-mobile': '?0', 'origin': 'http://localhost:3001', 'sec-fetch-site': 'same-site', 'sec-fetch-mode': 'cors', 'sec-fetch-dest': 'empty', 'referer': 'http://localhost:3001/', 'accept-encoding': 'gzip, deflate, br, zstd', 'accept-language': 'fr-FR,fr;q=0.9,en-US;q=0.8,en;q=0.7'}
2025-02-26 20:50:17,527 - root - DEBUG - main.py:67 - Response status: 200
2025-02-26 20:50:17,527 - root - DEBUG - main.py:69 - Response headers: {'content-length': '917', 'content-type': 'application/json', 'access-control-allow-origin': '*', 'access-control-expose-headers': '*'}
2025-02-26 20:50:17,530 - root - DEBUG - main.py:61 - Incoming request: GET http://localhost:8000/api/v1/analysis/files
2025-02-26 20:50:17,530 - root - DEBUG - main.py:63 - Headers: {'host': 'localhost:8000', 'connection': 'keep-alive', 'sec-ch-ua-platform': '"Windows"', 'user-agent': 'Mozilla/5.0 (Windows NT 10.0; Win64; x64) AppleWebKit/537.36 (KHTML, like Gecko) Chrome/133.0.0.0 Safari/537.36', 'accept': 'application/json', 'sec-ch-ua': '"Not(A:Brand";v="99", "Google Chrome";v="133", "Chromium";v="133"', 'sec-ch-ua-mobile': '?0', 'origin': 'http://localhost:3001', 'sec-fetch-site': 'same-site', 'sec-fetch-mode': 'cors', 'sec-fetch-dest': 'empty', 'referer': 'http://localhost:3001/', 'accept-encoding': 'gzip, deflate, br, zstd', 'accept-language': 'fr-FR,fr;q=0.9,en-US;q=0.8,en;q=0.7'}
2025-02-26 20:50:17,533 - root - DEBUG - main.py:67 - Response status: 200
2025-02-26 20:50:17,533 - root - DEBUG - main.py:69 - Response headers: {'content-length': '917', 'content-type': 'application/json', 'access-control-allow-origin': '*', 'access-control-expose-headers': '*'}
2025-02-26 20:50:18,619 - root - DEBUG - main.py:61 - Incoming request: GET http://localhost:8000/api/v1/analysis/files
2025-02-26 20:50:18,619 - root - DEBUG - main.py:63 - Headers: {'host': 'localhost:8000', 'connection': 'keep-alive', 'sec-ch-ua-platform': '"Windows"', 'user-agent': 'Mozilla/5.0 (Windows NT 10.0; Win64; x64) AppleWebKit/537.36 (KHTML, like Gecko) Chrome/133.0.0.0 Safari/537.36', 'accept': 'application/json', 'sec-ch-ua': '"Not(A:Brand";v="99", "Google Chrome";v="133", "Chromium";v="133"', 'sec-ch-ua-mobile': '?0', 'origin': 'http://localhost:3001', 'sec-fetch-site': 'same-site', 'sec-fetch-mode': 'cors', 'sec-fetch-dest': 'empty', 'referer': 'http://localhost:3001/', 'accept-encoding': 'gzip, deflate, br, zstd', 'accept-language': 'fr-FR,fr;q=0.9,en-US;q=0.8,en;q=0.7'}
2025-02-26 20:50:18,626 - root - DEBUG - main.py:67 - Response status: 200
2025-02-26 20:50:18,627 - root - DEBUG - main.py:69 - Response headers: {'content-length': '917', 'content-type': 'application/json', 'access-control-allow-origin': '*', 'access-control-expose-headers': '*'}
2025-02-26 20:50:18,630 - root - DEBUG - main.py:61 - Incoming request: GET http://localhost:8000/api/v1/analysis/files
2025-02-26 20:50:18,630 - root - DEBUG - main.py:63 - Headers: {'host': 'localhost:8000', 'connection': 'keep-alive', 'sec-ch-ua-platform': '"Windows"', 'user-agent': 'Mozilla/5.0 (Windows NT 10.0; Win64; x64) AppleWebKit/537.36 (KHTML, like Gecko) Chrome/133.0.0.0 Safari/537.36', 'accept': 'application/json', 'sec-ch-ua': '"Not(A:Brand";v="99", "Google Chrome";v="133", "Chromium";v="133"', 'sec-ch-ua-mobile': '?0', 'origin': 'http://localhost:3001', 'sec-fetch-site': 'same-site', 'sec-fetch-mode': 'cors', 'sec-fetch-dest': 'empty', 'referer': 'http://localhost:3001/', 'accept-encoding': 'gzip, deflate, br, zstd', 'accept-language': 'fr-FR,fr;q=0.9,en-US;q=0.8,en;q=0.7'}
2025-02-26 20:50:18,633 - root - DEBUG - main.py:67 - Response status: 200
2025-02-26 20:50:18,633 - root - DEBUG - main.py:69 - Response headers: {'content-length': '917', 'content-type': 'application/json', 'access-control-allow-origin': '*', 'access-control-expose-headers': '*'}
2025-02-26 20:50:18,636 - root - DEBUG - main.py:61 - Incoming request: GET http://localhost:8000/api/v1/analysis/results/8f38b238-c14a-4f55-86f6-2865988aa6d2
2025-02-26 20:50:18,636 - root - DEBUG - main.py:63 - Headers: {'host': 'localhost:8000', 'connection': 'keep-alive', 'sec-ch-ua-platform': '"Windows"', 'user-agent': 'Mozilla/5.0 (Windows NT 10.0; Win64; x64) AppleWebKit/537.36 (KHTML, like Gecko) Chrome/133.0.0.0 Safari/537.36', 'accept': 'application/json', 'sec-ch-ua': '"Not(A:Brand";v="99", "Google Chrome";v="133", "Chromium";v="133"', 'sec-ch-ua-mobile': '?0', 'origin': 'http://localhost:3001', 'sec-fetch-site': 'same-site', 'sec-fetch-mode': 'cors', 'sec-fetch-dest': 'empty', 'referer': 'http://localhost:3001/', 'accept-encoding': 'gzip, deflate, br, zstd', 'accept-language': 'fr-FR,fr;q=0.9,en-US;q=0.8,en;q=0.7'}
2025-02-26 20:50:18,637 - backend.services.analysis_service - INFO - analysis_service.py:292 - Tentative de récupération des résultats pour 8f38b238-c14a-4f55-86f6-2865988aa6d2 depuis C:\Users\berli\OneDrive\Bureau\audit_tool_clean\audit_tool\backend\data\results\8f38b238-c14a-4f55-86f6-2865988aa6d2.json
2025-02-26 20:50:18,638 - root - DEBUG - main.py:67 - Response status: 200
2025-02-26 20:50:18,638 - root - DEBUG - main.py:69 - Response headers: {'content-length': '1984', 'content-type': 'application/json', 'access-control-allow-origin': '*', 'access-control-expose-headers': '*'}
2025-02-26 20:50:18,641 - root - DEBUG - main.py:61 - Incoming request: GET http://localhost:8000/api/v1/analysis/results/8f38b238-c14a-4f55-86f6-2865988aa6d2
2025-02-26 20:50:18,642 - root - DEBUG - main.py:63 - Headers: {'host': 'localhost:8000', 'connection': 'keep-alive', 'sec-ch-ua-platform': '"Windows"', 'user-agent': 'Mozilla/5.0 (Windows NT 10.0; Win64; x64) AppleWebKit/537.36 (KHTML, like Gecko) Chrome/133.0.0.0 Safari/537.36', 'accept': 'application/json', 'sec-ch-ua': '"Not(A:Brand";v="99", "Google Chrome";v="133", "Chromium";v="133"', 'sec-ch-ua-mobile': '?0', 'origin': 'http://localhost:3001', 'sec-fetch-site': 'same-site', 'sec-fetch-mode': 'cors', 'sec-fetch-dest': 'empty', 'referer': 'http://localhost:3001/', 'accept-encoding': 'gzip, deflate, br, zstd', 'accept-language': 'fr-FR,fr;q=0.9,en-US;q=0.8,en;q=0.7'}
2025-02-26 20:50:18,643 - backend.services.analysis_service - INFO - analysis_service.py:292 - Tentative de récupération des résultats pour 8f38b238-c14a-4f55-86f6-2865988aa6d2 depuis C:\Users\berli\OneDrive\Bureau\audit_tool_clean\audit_tool\backend\data\results\8f38b238-c14a-4f55-86f6-2865988aa6d2.json
2025-02-26 20:50:18,644 - root - DEBUG - main.py:67 - Response status: 200
2025-02-26 20:50:18,645 - root - DEBUG - main.py:69 - Response headers: {'content-length': '1984', 'content-type': 'application/json', 'access-control-allow-origin': '*', 'access-control-expose-headers': '*'}
2025-02-26 20:50:43,775 - root - DEBUG - main.py:61 - Incoming request: GET http://localhost:8000/api/v1/analysis/files
2025-02-26 20:50:43,776 - root - DEBUG - main.py:63 - Headers: {'host': 'localhost:8000', 'connection': 'keep-alive', 'sec-ch-ua-platform': '"Windows"', 'user-agent': 'Mozilla/5.0 (Windows NT 10.0; Win64; x64) AppleWebKit/537.36 (KHTML, like Gecko) Chrome/133.0.0.0 Safari/537.36', 'accept': 'application/json', 'sec-ch-ua': '"Not(A:Brand";v="99", "Google Chrome";v="133", "Chromium";v="133"', 'sec-ch-ua-mobile': '?0', 'origin': 'http://localhost:3001', 'sec-fetch-site': 'same-site', 'sec-fetch-mode': 'cors', 'sec-fetch-dest': 'empty', 'referer': 'http://localhost:3001/', 'accept-encoding': 'gzip, deflate, br, zstd', 'accept-language': 'fr-FR,fr;q=0.9,en-US;q=0.8,en;q=0.7'}
2025-02-26 20:50:43,779 - root - DEBUG - main.py:67 - Response status: 200
2025-02-26 20:50:43,780 - root - DEBUG - main.py:69 - Response headers: {'content-length': '917', 'content-type': 'application/json', 'access-control-allow-origin': '*', 'access-control-expose-headers': '*'}
2025-02-26 20:50:43,783 - root - DEBUG - main.py:61 - Incoming request: GET http://localhost:8000/api/v1/analysis/files
2025-02-26 20:50:43,784 - root - DEBUG - main.py:63 - Headers: {'host': 'localhost:8000', 'connection': 'keep-alive', 'sec-ch-ua-platform': '"Windows"', 'user-agent': 'Mozilla/5.0 (Windows NT 10.0; Win64; x64) AppleWebKit/537.36 (KHTML, like Gecko) Chrome/133.0.0.0 Safari/537.36', 'accept': 'application/json', 'sec-ch-ua': '"Not(A:Brand";v="99", "Google Chrome";v="133", "Chromium";v="133"', 'sec-ch-ua-mobile': '?0', 'origin': 'http://localhost:3001', 'sec-fetch-site': 'same-site', 'sec-fetch-mode': 'cors', 'sec-fetch-dest': 'empty', 'referer': 'http://localhost:3001/', 'accept-encoding': 'gzip, deflate, br, zstd', 'accept-language': 'fr-FR,fr;q=0.9,en-US;q=0.8,en;q=0.7'}
2025-02-26 20:50:43,786 - root - DEBUG - main.py:67 - Response status: 200
2025-02-26 20:50:43,787 - root - DEBUG - main.py:69 - Response headers: {'content-length': '917', 'content-type': 'application/json', 'access-control-allow-origin': '*', 'access-control-expose-headers': '*'}
2025-02-26 20:51:49,977 - root - INFO - main.py:38 - Fermeture de l'application, nettoyage des ressources...
